2024-04-12 10:49:50.514 [main] [31mWARN [0;39m [32mo.s.b.t.j.DuplicateJsonObjectContextCustomizerFactory$DuplicateJsonObjectContextCustomizer[0;39m.logDuplicateJsonObjectsWarning-78 - 

Found multiple occurrences of org.json.JSONObject on the class path:

	jar:file:/Users/collin/packages/apache-maven-3.6.3/repository/com/vaadin/external/google/android-json/0.0.20131108.vaadin1/android-json-0.0.20131108.vaadin1.jar!/org/json/JSONObject.class
	jar:file:/Users/collin/packages/apache-maven-3.6.3/repository/org/json/json/20160212/json-20160212.jar!/org/json/JSONObject.class

You may wish to exclude one of them to ensure predictable runtime behavior
 
2024-04-12 10:49:50.584 [main] [34mINFO [0;39m [32mcom.sgh.demo.canal.DemoCanalApplicationTests[0;39m.logStarting-55 - Starting DemoCanalApplicationTests using Java 1.8.0_301 on Collins-Macbook-Pro.local with PID 66543 (started by collin in /Users/collin/files/Learning/Java/practice-based-learning/java-basics/demo-canal) 
2024-04-12 10:49:50.586 [main] [34mINFO [0;39m [32mcom.sgh.demo.canal.DemoCanalApplicationTests[0;39m.logStartupProfileInfo-637 - The following 1 profile is active: "dev" 
2024-04-12 10:49:52.065 [main] [34mINFO [0;39m [32mo.s.d.r.config.RepositoryConfigurationDelegate[0;39m.multipleStoresDetected-262 - Multiple Spring Data modules found, entering strict repository configuration mode 
2024-04-12 10:49:52.069 [main] [34mINFO [0;39m [32mo.s.d.r.config.RepositoryConfigurationDelegate[0;39m.registerRepositoriesIn-132 - Bootstrapping Spring Data Elasticsearch repositories in DEFAULT mode. 
2024-04-12 10:49:52.087 [main] [34mINFO [0;39m [32mo.s.d.r.config.RepositoryConfigurationDelegate[0;39m.registerRepositoriesIn-201 - Finished Spring Data repository scanning in 12 ms. Found 0 Elasticsearch repository interfaces. 
2024-04-12 10:49:52.096 [main] [34mINFO [0;39m [32mo.s.d.r.config.RepositoryConfigurationDelegate[0;39m.multipleStoresDetected-262 - Multiple Spring Data modules found, entering strict repository configuration mode 
2024-04-12 10:49:52.097 [main] [34mINFO [0;39m [32mo.s.d.r.config.RepositoryConfigurationDelegate[0;39m.registerRepositoriesIn-132 - Bootstrapping Spring Data Reactive Elasticsearch repositories in DEFAULT mode. 
2024-04-12 10:49:52.101 [main] [34mINFO [0;39m [32mo.s.d.r.config.RepositoryConfigurationDelegate[0;39m.registerRepositoriesIn-201 - Finished Spring Data repository scanning in 3 ms. Found 0 Reactive Elasticsearch repository interfaces. 
2024-04-12 10:49:52.113 [main] [34mINFO [0;39m [32mo.s.d.r.config.RepositoryConfigurationDelegate[0;39m.multipleStoresDetected-262 - Multiple Spring Data modules found, entering strict repository configuration mode 
2024-04-12 10:49:52.115 [main] [34mINFO [0;39m [32mo.s.d.r.config.RepositoryConfigurationDelegate[0;39m.registerRepositoriesIn-132 - Bootstrapping Spring Data JPA repositories in DEFAULT mode. 
2024-04-12 10:49:52.121 [main] [34mINFO [0;39m [32mo.s.d.r.config.RepositoryConfigurationDelegate[0;39m.registerRepositoriesIn-201 - Finished Spring Data repository scanning in 2 ms. Found 0 JPA repository interfaces. 
2024-04-12 10:49:52.172 [main] [34mINFO [0;39m [32mo.s.d.r.config.RepositoryConfigurationDelegate[0;39m.multipleStoresDetected-262 - Multiple Spring Data modules found, entering strict repository configuration mode 
2024-04-12 10:49:52.175 [main] [34mINFO [0;39m [32mo.s.d.r.config.RepositoryConfigurationDelegate[0;39m.registerRepositoriesIn-132 - Bootstrapping Spring Data Neo4j repositories in DEFAULT mode. 
2024-04-12 10:49:52.178 [main] [34mINFO [0;39m [32mo.s.d.r.config.RepositoryConfigurationDelegate[0;39m.registerRepositoriesIn-201 - Finished Spring Data repository scanning in 2 ms. Found 0 Neo4j repository interfaces. 
2024-04-12 10:49:52.187 [main] [34mINFO [0;39m [32mo.s.d.r.config.RepositoryConfigurationDelegate[0;39m.multipleStoresDetected-262 - Multiple Spring Data modules found, entering strict repository configuration mode 
2024-04-12 10:49:52.188 [main] [34mINFO [0;39m [32mo.s.d.r.config.RepositoryConfigurationDelegate[0;39m.registerRepositoriesIn-132 - Bootstrapping Spring Data Neo4j repositories in DEFAULT mode. 
2024-04-12 10:49:52.191 [main] [34mINFO [0;39m [32mo.s.d.r.config.RepositoryConfigurationDelegate[0;39m.registerRepositoriesIn-201 - Finished Spring Data repository scanning in 2 ms. Found 0 Neo4j repository interfaces. 
2024-04-12 10:49:52.224 [main] [34mINFO [0;39m [32mo.s.d.r.config.RepositoryConfigurationDelegate[0;39m.multipleStoresDetected-262 - Multiple Spring Data modules found, entering strict repository configuration mode 
2024-04-12 10:49:52.226 [main] [34mINFO [0;39m [32mo.s.d.r.config.RepositoryConfigurationDelegate[0;39m.registerRepositoriesIn-132 - Bootstrapping Spring Data Redis repositories in DEFAULT mode. 
2024-04-12 10:49:52.321 [main] [34mINFO [0;39m [32mo.s.d.r.config.RepositoryConfigurationDelegate[0;39m.registerRepositoriesIn-201 - Finished Spring Data repository scanning in 14 ms. Found 0 Redis repository interfaces. 
2024-04-12 10:49:52.700 [main] [31mWARN [0;39m [32morg.mybatis.spring.mapper.ClassPathMapperScanner[0;39m.warn-44 - No MyBatis mapper was found in '[com.sgh.demo.canal]' package. Please check your configuration. 
2024-04-12 10:49:52.819 [main] [34mINFO [0;39m [32mo.springframework.cloud.context.scope.GenericScope[0;39m.setSerializationId-283 - BeanFactory id=60b65708-ec27-3f99-9310-371e2f96c125 
2024-04-12 10:49:53.476 [main] [34mINFO [0;39m [32mc.a.d.s.b.a.DruidDataSourceAutoConfigure[0;39m.dataSource-55 - Init DruidDataSource 
2024-04-12 10:49:53.933 [main] [34mINFO [0;39m [32mcom.alibaba.druid.pool.DruidDataSource[0;39m.init-996 - {dataSource-1} inited 
2024-04-12 10:49:54.627 [main] [34mINFO [0;39m [32morg.hibernate.jpa.internal.util.LogHelper[0;39m.logPersistenceUnitInformation-31 - HHH000204: Processing PersistenceUnitInfo [name: default] 
2024-04-12 10:49:54.697 [main] [34mINFO [0;39m [32morg.hibernate.Version[0;39m.logVersion-44 - HHH000412: Hibernate ORM core version 5.6.14.Final 
2024-04-12 10:49:54.893 [main] [34mINFO [0;39m [32morg.hibernate.annotations.common.Version[0;39m.<clinit>-56 - HCANN000001: Hibernate Commons Annotations {5.1.2.Final} 
2024-04-12 10:49:55.024 [main] [34mINFO [0;39m [32morg.hibernate.dialect.Dialect[0;39m.<init>-175 - HHH000400: Using dialect: org.hibernate.dialect.MySQL8Dialect 
2024-04-12 10:49:55.286 [main] [34mINFO [0;39m [32mo.h.e.t.jta.platform.internal.JtaPlatformInitiator[0;39m.initiateService-52 - HHH000490: Using JtaPlatform implementation: [org.hibernate.engine.transaction.jta.platform.internal.NoJtaPlatform] 
2024-04-12 10:49:55.296 [main] [34mINFO [0;39m [32mo.s.orm.jpa.LocalContainerEntityManagerFactoryBean[0;39m.buildNativeEntityManagerFactory-437 - Initialized JPA EntityManagerFactory for persistence unit 'default' 
2024-04-12 10:49:57.195 [main] [31mWARN [0;39m [32mo.s.b.a.t.ThymeleafAutoConfiguration$DefaultTemplateResolverConfiguration[0;39m.checkTemplateLocationExists-103 - Cannot find template location: classpath:/templates/ (please add some templates, check your Thymeleaf configuration, or set spring.thymeleaf.check-template-location=false) 
2024-04-12 10:49:59.487 [main] [34mINFO [0;39m [32morg.neo4j.driver.internal.DriverFactory[0;39m.info-63 - Direct driver instance 702531215 created for server address localhost:7687 
2024-04-12 10:50:00.016 [main] [34mINFO [0;39m [32morg.quartz.impl.StdSchedulerFactory[0;39m.instantiate-1220 - Using default implementation for ThreadExecutor 
2024-04-12 10:50:00.037 [main] [34mINFO [0;39m [32morg.quartz.core.SchedulerSignalerImpl[0;39m.<init>-61 - Initialized Scheduler Signaller of type: class org.quartz.core.SchedulerSignalerImpl 
2024-04-12 10:50:00.037 [main] [34mINFO [0;39m [32morg.quartz.core.QuartzScheduler[0;39m.<init>-229 - Quartz Scheduler v.2.3.2 created. 
2024-04-12 10:50:00.039 [main] [34mINFO [0;39m [32morg.quartz.simpl.RAMJobStore[0;39m.initialize-155 - RAMJobStore initialized. 
2024-04-12 10:50:00.040 [main] [34mINFO [0;39m [32morg.quartz.core.QuartzScheduler[0;39m.initialize-294 - Scheduler meta-data: Quartz Scheduler (v2.3.2) 'quartzScheduler' with instanceId 'NON_CLUSTERED'
  Scheduler class: 'org.quartz.core.QuartzScheduler' - running locally.
  NOT STARTED.
  Currently in standby mode.
  Number of jobs executed: 0
  Using thread pool 'org.quartz.simpl.SimpleThreadPool' - with 10 threads.
  Using job-store 'org.quartz.simpl.RAMJobStore' - which does not support persistence. and is not clustered.
 
2024-04-12 10:50:00.040 [main] [34mINFO [0;39m [32morg.quartz.impl.StdSchedulerFactory[0;39m.instantiate-1374 - Quartz scheduler 'quartzScheduler' initialized from an externally provided properties instance. 
2024-04-12 10:50:00.041 [main] [34mINFO [0;39m [32morg.quartz.impl.StdSchedulerFactory[0;39m.instantiate-1378 - Quartz scheduler version: 2.3.2 
2024-04-12 10:50:00.041 [main] [34mINFO [0;39m [32morg.quartz.core.QuartzScheduler[0;39m.setJobFactory-2293 - JobFactory set to: org.springframework.scheduling.quartz.SpringBeanJobFactory@630c3af3 
2024-04-12 10:50:00.439 [main] [34mINFO [0;39m [32mo.s.scheduling.quartz.SchedulerFactoryBean[0;39m.startScheduler-729 - Starting Quartz Scheduler now 
2024-04-12 10:50:00.440 [main] [34mINFO [0;39m [32morg.quartz.core.QuartzScheduler[0;39m.start-547 - Scheduler quartzScheduler_$_NON_CLUSTERED started. 
2024-04-12 10:50:00.463 [main] [34mINFO [0;39m [32mcom.sgh.demo.canal.DemoCanalApplicationTests[0;39m.logStarted-61 - Started DemoCanalApplicationTests in 10.872 seconds (JVM running for 12.537) 
2024-04-12 10:50:00.756 [SpringApplicationShutdownHook] [34mINFO [0;39m [32morg.quartz.core.QuartzScheduler[0;39m.standby-585 - Scheduler quartzScheduler_$_NON_CLUSTERED paused. 
2024-04-12 10:50:00.762 [SpringApplicationShutdownHook] [34mINFO [0;39m [32mo.s.scheduling.quartz.SchedulerFactoryBean[0;39m.destroy-847 - Shutting down Quartz Scheduler 
2024-04-12 10:50:00.762 [SpringApplicationShutdownHook] [34mINFO [0;39m [32morg.quartz.core.QuartzScheduler[0;39m.shutdown-666 - Scheduler quartzScheduler_$_NON_CLUSTERED shutting down. 
2024-04-12 10:50:00.762 [SpringApplicationShutdownHook] [34mINFO [0;39m [32morg.quartz.core.QuartzScheduler[0;39m.standby-585 - Scheduler quartzScheduler_$_NON_CLUSTERED paused. 
2024-04-12 10:50:00.764 [SpringApplicationShutdownHook] [34mINFO [0;39m [32morg.quartz.core.QuartzScheduler[0;39m.shutdown-740 - Scheduler quartzScheduler_$_NON_CLUSTERED shutdown complete. 
2024-04-12 10:50:00.767 [SpringApplicationShutdownHook] [34mINFO [0;39m [32morg.neo4j.driver.internal.InternalDriver[0;39m.info-63 - Closing driver instance 702531215 
2024-04-12 10:50:01.063 [SpringApplicationShutdownHook] [34mINFO [0;39m [32mo.s.orm.jpa.LocalContainerEntityManagerFactoryBean[0;39m.destroy-651 - Closing JPA EntityManagerFactory for persistence unit 'default' 
2024-04-12 10:50:01.070 [SpringApplicationShutdownHook] [34mINFO [0;39m [32mcom.alibaba.druid.pool.DruidDataSource[0;39m.close-2138 - {dataSource-1} closing ... 
2024-04-12 10:50:01.087 [SpringApplicationShutdownHook] [34mINFO [0;39m [32mcom.alibaba.druid.pool.DruidDataSource[0;39m.close-2211 - {dataSource-1} closed 
2024-04-12 11:10:00.062 [main] [31mWARN [0;39m [32mo.s.b.t.j.DuplicateJsonObjectContextCustomizerFactory$DuplicateJsonObjectContextCustomizer[0;39m.logDuplicateJsonObjectsWarning-78 - 

Found multiple occurrences of org.json.JSONObject on the class path:

	jar:file:/Users/collin/packages/apache-maven-3.6.3/repository/com/vaadin/external/google/android-json/0.0.20131108.vaadin1/android-json-0.0.20131108.vaadin1.jar!/org/json/JSONObject.class
	jar:file:/Users/collin/packages/apache-maven-3.6.3/repository/org/json/json/20160212/json-20160212.jar!/org/json/JSONObject.class

You may wish to exclude one of them to ensure predictable runtime behavior
 
2024-04-12 11:10:00.209 [main] [34mINFO [0;39m [32mcom.sgh.demo.canal.DemoCanalApplicationTests[0;39m.logStarting-55 - Starting DemoCanalApplicationTests using Java 1.8.0_301 on Collins-Macbook-Pro.local with PID 90381 (started by collin in /Users/collin/files/Learning/Java/practice-based-learning/java-basics/demo-canal) 
2024-04-12 11:10:00.212 [main] [34mINFO [0;39m [32mcom.sgh.demo.canal.DemoCanalApplicationTests[0;39m.logStartupProfileInfo-637 - The following 1 profile is active: "dev" 
2024-04-12 11:10:02.213 [main] [34mINFO [0;39m [32mo.s.d.r.config.RepositoryConfigurationDelegate[0;39m.multipleStoresDetected-262 - Multiple Spring Data modules found, entering strict repository configuration mode 
2024-04-12 11:10:02.216 [main] [34mINFO [0;39m [32mo.s.d.r.config.RepositoryConfigurationDelegate[0;39m.registerRepositoriesIn-132 - Bootstrapping Spring Data Elasticsearch repositories in DEFAULT mode. 
2024-04-12 11:10:02.230 [main] [34mINFO [0;39m [32mo.s.d.r.config.RepositoryConfigurationDelegate[0;39m.registerRepositoriesIn-201 - Finished Spring Data repository scanning in 9 ms. Found 0 Elasticsearch repository interfaces. 
2024-04-12 11:10:02.238 [main] [34mINFO [0;39m [32mo.s.d.r.config.RepositoryConfigurationDelegate[0;39m.multipleStoresDetected-262 - Multiple Spring Data modules found, entering strict repository configuration mode 
2024-04-12 11:10:02.240 [main] [34mINFO [0;39m [32mo.s.d.r.config.RepositoryConfigurationDelegate[0;39m.registerRepositoriesIn-132 - Bootstrapping Spring Data Reactive Elasticsearch repositories in DEFAULT mode. 
2024-04-12 11:10:02.244 [main] [34mINFO [0;39m [32mo.s.d.r.config.RepositoryConfigurationDelegate[0;39m.registerRepositoriesIn-201 - Finished Spring Data repository scanning in 3 ms. Found 0 Reactive Elasticsearch repository interfaces. 
2024-04-12 11:10:02.360 [main] [34mINFO [0;39m [32mo.s.d.r.config.RepositoryConfigurationDelegate[0;39m.multipleStoresDetected-262 - Multiple Spring Data modules found, entering strict repository configuration mode 
2024-04-12 11:10:02.363 [main] [34mINFO [0;39m [32mo.s.d.r.config.RepositoryConfigurationDelegate[0;39m.registerRepositoriesIn-132 - Bootstrapping Spring Data JPA repositories in DEFAULT mode. 
2024-04-12 11:10:02.386 [main] [34mINFO [0;39m [32mo.s.d.r.config.RepositoryConfigurationDelegate[0;39m.registerRepositoriesIn-201 - Finished Spring Data repository scanning in 5 ms. Found 0 JPA repository interfaces. 
2024-04-12 11:10:02.449 [main] [34mINFO [0;39m [32mo.s.d.r.config.RepositoryConfigurationDelegate[0;39m.multipleStoresDetected-262 - Multiple Spring Data modules found, entering strict repository configuration mode 
2024-04-12 11:10:02.456 [main] [34mINFO [0;39m [32mo.s.d.r.config.RepositoryConfigurationDelegate[0;39m.registerRepositoriesIn-132 - Bootstrapping Spring Data Neo4j repositories in DEFAULT mode. 
2024-04-12 11:10:02.467 [main] [34mINFO [0;39m [32mo.s.d.r.config.RepositoryConfigurationDelegate[0;39m.registerRepositoriesIn-201 - Finished Spring Data repository scanning in 8 ms. Found 0 Neo4j repository interfaces. 
2024-04-12 11:10:02.488 [main] [34mINFO [0;39m [32mo.s.d.r.config.RepositoryConfigurationDelegate[0;39m.multipleStoresDetected-262 - Multiple Spring Data modules found, entering strict repository configuration mode 
2024-04-12 11:10:02.489 [main] [34mINFO [0;39m [32mo.s.d.r.config.RepositoryConfigurationDelegate[0;39m.registerRepositoriesIn-132 - Bootstrapping Spring Data Neo4j repositories in DEFAULT mode. 
2024-04-12 11:10:02.494 [main] [34mINFO [0;39m [32mo.s.d.r.config.RepositoryConfigurationDelegate[0;39m.registerRepositoriesIn-201 - Finished Spring Data repository scanning in 4 ms. Found 0 Neo4j repository interfaces. 
2024-04-12 11:10:02.534 [main] [34mINFO [0;39m [32mo.s.d.r.config.RepositoryConfigurationDelegate[0;39m.multipleStoresDetected-262 - Multiple Spring Data modules found, entering strict repository configuration mode 
2024-04-12 11:10:02.537 [main] [34mINFO [0;39m [32mo.s.d.r.config.RepositoryConfigurationDelegate[0;39m.registerRepositoriesIn-132 - Bootstrapping Spring Data Redis repositories in DEFAULT mode. 
2024-04-12 11:10:02.549 [main] [34mINFO [0;39m [32mo.s.d.r.config.RepositoryConfigurationDelegate[0;39m.registerRepositoriesIn-201 - Finished Spring Data repository scanning in 1 ms. Found 0 Redis repository interfaces. 
2024-04-12 11:10:02.849 [main] [31mWARN [0;39m [32morg.mybatis.spring.mapper.ClassPathMapperScanner[0;39m.warn-44 - No MyBatis mapper was found in '[com.sgh.demo.canal]' package. Please check your configuration. 
2024-04-12 11:10:02.965 [main] [34mINFO [0;39m [32mo.springframework.cloud.context.scope.GenericScope[0;39m.setSerializationId-283 - BeanFactory id=60b65708-ec27-3f99-9310-371e2f96c125 
2024-04-12 11:10:03.606 [main] [34mINFO [0;39m [32mc.a.d.s.b.a.DruidDataSourceAutoConfigure[0;39m.dataSource-55 - Init DruidDataSource 
2024-04-12 11:10:04.135 [main] [34mINFO [0;39m [32mcom.alibaba.druid.pool.DruidDataSource[0;39m.init-996 - {dataSource-1} inited 
2024-04-12 11:10:05.140 [main] [34mINFO [0;39m [32morg.hibernate.jpa.internal.util.LogHelper[0;39m.logPersistenceUnitInformation-31 - HHH000204: Processing PersistenceUnitInfo [name: default] 
2024-04-12 11:10:05.269 [main] [34mINFO [0;39m [32morg.hibernate.Version[0;39m.logVersion-44 - HHH000412: Hibernate ORM core version 5.6.14.Final 
2024-04-12 11:10:05.565 [main] [34mINFO [0;39m [32morg.hibernate.annotations.common.Version[0;39m.<clinit>-56 - HCANN000001: Hibernate Commons Annotations {5.1.2.Final} 
2024-04-12 11:10:05.757 [main] [34mINFO [0;39m [32morg.hibernate.dialect.Dialect[0;39m.<init>-175 - HHH000400: Using dialect: org.hibernate.dialect.MySQL8Dialect 
2024-04-12 11:10:06.036 [main] [34mINFO [0;39m [32mo.h.e.t.jta.platform.internal.JtaPlatformInitiator[0;39m.initiateService-52 - HHH000490: Using JtaPlatform implementation: [org.hibernate.engine.transaction.jta.platform.internal.NoJtaPlatform] 
2024-04-12 11:10:06.048 [main] [34mINFO [0;39m [32mo.s.orm.jpa.LocalContainerEntityManagerFactoryBean[0;39m.buildNativeEntityManagerFactory-437 - Initialized JPA EntityManagerFactory for persistence unit 'default' 
2024-04-12 11:10:08.872 [main] [31mWARN [0;39m [32mo.s.b.a.t.ThymeleafAutoConfiguration$DefaultTemplateResolverConfiguration[0;39m.checkTemplateLocationExists-103 - Cannot find template location: classpath:/templates/ (please add some templates, check your Thymeleaf configuration, or set spring.thymeleaf.check-template-location=false) 
2024-04-12 11:10:11.526 [main] [34mINFO [0;39m [32morg.neo4j.driver.internal.DriverFactory[0;39m.info-63 - Direct driver instance 2101594271 created for server address localhost:7687 
2024-04-12 11:10:12.084 [main] [34mINFO [0;39m [32morg.quartz.impl.StdSchedulerFactory[0;39m.instantiate-1220 - Using default implementation for ThreadExecutor 
2024-04-12 11:10:12.100 [main] [34mINFO [0;39m [32morg.quartz.core.SchedulerSignalerImpl[0;39m.<init>-61 - Initialized Scheduler Signaller of type: class org.quartz.core.SchedulerSignalerImpl 
2024-04-12 11:10:12.101 [main] [34mINFO [0;39m [32morg.quartz.core.QuartzScheduler[0;39m.<init>-229 - Quartz Scheduler v.2.3.2 created. 
2024-04-12 11:10:12.102 [main] [34mINFO [0;39m [32morg.quartz.simpl.RAMJobStore[0;39m.initialize-155 - RAMJobStore initialized. 
2024-04-12 11:10:12.103 [main] [34mINFO [0;39m [32morg.quartz.core.QuartzScheduler[0;39m.initialize-294 - Scheduler meta-data: Quartz Scheduler (v2.3.2) 'quartzScheduler' with instanceId 'NON_CLUSTERED'
  Scheduler class: 'org.quartz.core.QuartzScheduler' - running locally.
  NOT STARTED.
  Currently in standby mode.
  Number of jobs executed: 0
  Using thread pool 'org.quartz.simpl.SimpleThreadPool' - with 10 threads.
  Using job-store 'org.quartz.simpl.RAMJobStore' - which does not support persistence. and is not clustered.
 
2024-04-12 11:10:12.103 [main] [34mINFO [0;39m [32morg.quartz.impl.StdSchedulerFactory[0;39m.instantiate-1374 - Quartz scheduler 'quartzScheduler' initialized from an externally provided properties instance. 
2024-04-12 11:10:12.103 [main] [34mINFO [0;39m [32morg.quartz.impl.StdSchedulerFactory[0;39m.instantiate-1378 - Quartz scheduler version: 2.3.2 
2024-04-12 11:10:12.103 [main] [34mINFO [0;39m [32morg.quartz.core.QuartzScheduler[0;39m.setJobFactory-2293 - JobFactory set to: org.springframework.scheduling.quartz.SpringBeanJobFactory@23f16852 
2024-04-12 11:10:12.562 [main] [34mINFO [0;39m [32mo.s.scheduling.quartz.SchedulerFactoryBean[0;39m.startScheduler-729 - Starting Quartz Scheduler now 
2024-04-12 11:10:12.564 [main] [34mINFO [0;39m [32morg.quartz.core.QuartzScheduler[0;39m.start-547 - Scheduler quartzScheduler_$_NON_CLUSTERED started. 
2024-04-12 11:10:12.622 [main] [34mINFO [0;39m [32mcom.sgh.demo.canal.DemoCanalApplicationTests[0;39m.logStarted-61 - Started DemoCanalApplicationTests in 13.465 seconds (JVM running for 16.14) 
2024-04-12 11:10:13.206 [SpringApplicationShutdownHook] [34mINFO [0;39m [32morg.quartz.core.QuartzScheduler[0;39m.standby-585 - Scheduler quartzScheduler_$_NON_CLUSTERED paused. 
2024-04-12 11:10:13.218 [SpringApplicationShutdownHook] [34mINFO [0;39m [32mo.s.scheduling.quartz.SchedulerFactoryBean[0;39m.destroy-847 - Shutting down Quartz Scheduler 
2024-04-12 11:10:13.219 [SpringApplicationShutdownHook] [34mINFO [0;39m [32morg.quartz.core.QuartzScheduler[0;39m.shutdown-666 - Scheduler quartzScheduler_$_NON_CLUSTERED shutting down. 
2024-04-12 11:10:13.220 [SpringApplicationShutdownHook] [34mINFO [0;39m [32morg.quartz.core.QuartzScheduler[0;39m.standby-585 - Scheduler quartzScheduler_$_NON_CLUSTERED paused. 
2024-04-12 11:10:13.222 [SpringApplicationShutdownHook] [34mINFO [0;39m [32morg.quartz.core.QuartzScheduler[0;39m.shutdown-740 - Scheduler quartzScheduler_$_NON_CLUSTERED shutdown complete. 
2024-04-12 11:10:13.228 [SpringApplicationShutdownHook] [34mINFO [0;39m [32morg.neo4j.driver.internal.InternalDriver[0;39m.info-63 - Closing driver instance 2101594271 
2024-04-12 11:10:13.529 [SpringApplicationShutdownHook] [34mINFO [0;39m [32mo.s.orm.jpa.LocalContainerEntityManagerFactoryBean[0;39m.destroy-651 - Closing JPA EntityManagerFactory for persistence unit 'default' 
2024-04-12 11:10:13.537 [SpringApplicationShutdownHook] [34mINFO [0;39m [32mcom.alibaba.druid.pool.DruidDataSource[0;39m.close-2138 - {dataSource-1} closing ... 
2024-04-12 11:10:13.561 [SpringApplicationShutdownHook] [34mINFO [0;39m [32mcom.alibaba.druid.pool.DruidDataSource[0;39m.close-2211 - {dataSource-1} closed 
2024-04-12 11:10:29.008 [main] [31mWARN [0;39m [32mo.s.b.t.j.DuplicateJsonObjectContextCustomizerFactory$DuplicateJsonObjectContextCustomizer[0;39m.logDuplicateJsonObjectsWarning-78 - 

Found multiple occurrences of org.json.JSONObject on the class path:

	jar:file:/Users/collin/packages/apache-maven-3.6.3/repository/com/vaadin/external/google/android-json/0.0.20131108.vaadin1/android-json-0.0.20131108.vaadin1.jar!/org/json/JSONObject.class
	jar:file:/Users/collin/packages/apache-maven-3.6.3/repository/org/json/json/20160212/json-20160212.jar!/org/json/JSONObject.class

You may wish to exclude one of them to ensure predictable runtime behavior
 
2024-04-12 11:10:29.085 [main] [34mINFO [0;39m [32mcom.sgh.demo.canal.DemoCanalApplicationTests[0;39m.logStarting-55 - Starting DemoCanalApplicationTests using Java 1.8.0_301 on Collins-Macbook-Pro.local with PID 90826 (started by collin in /Users/collin/files/Learning/Java/practice-based-learning/java-basics/demo-canal) 
2024-04-12 11:10:29.090 [main] [34mINFO [0;39m [32mcom.sgh.demo.canal.DemoCanalApplicationTests[0;39m.logStartupProfileInfo-637 - The following 1 profile is active: "dev" 
2024-04-12 11:10:30.631 [main] [34mINFO [0;39m [32mo.s.d.r.config.RepositoryConfigurationDelegate[0;39m.multipleStoresDetected-262 - Multiple Spring Data modules found, entering strict repository configuration mode 
2024-04-12 11:10:30.634 [main] [34mINFO [0;39m [32mo.s.d.r.config.RepositoryConfigurationDelegate[0;39m.registerRepositoriesIn-132 - Bootstrapping Spring Data Elasticsearch repositories in DEFAULT mode. 
2024-04-12 11:10:30.649 [main] [34mINFO [0;39m [32mo.s.d.r.config.RepositoryConfigurationDelegate[0;39m.registerRepositoriesIn-201 - Finished Spring Data repository scanning in 10 ms. Found 0 Elasticsearch repository interfaces. 
2024-04-12 11:10:30.655 [main] [34mINFO [0;39m [32mo.s.d.r.config.RepositoryConfigurationDelegate[0;39m.multipleStoresDetected-262 - Multiple Spring Data modules found, entering strict repository configuration mode 
2024-04-12 11:10:30.656 [main] [34mINFO [0;39m [32mo.s.d.r.config.RepositoryConfigurationDelegate[0;39m.registerRepositoriesIn-132 - Bootstrapping Spring Data Reactive Elasticsearch repositories in DEFAULT mode. 
2024-04-12 11:10:30.661 [main] [34mINFO [0;39m [32mo.s.d.r.config.RepositoryConfigurationDelegate[0;39m.registerRepositoriesIn-201 - Finished Spring Data repository scanning in 3 ms. Found 0 Reactive Elasticsearch repository interfaces. 
2024-04-12 11:10:30.779 [main] [34mINFO [0;39m [32mo.s.d.r.config.RepositoryConfigurationDelegate[0;39m.multipleStoresDetected-262 - Multiple Spring Data modules found, entering strict repository configuration mode 
2024-04-12 11:10:30.781 [main] [34mINFO [0;39m [32mo.s.d.r.config.RepositoryConfigurationDelegate[0;39m.registerRepositoriesIn-132 - Bootstrapping Spring Data JPA repositories in DEFAULT mode. 
2024-04-12 11:10:30.801 [main] [34mINFO [0;39m [32mo.s.d.r.config.RepositoryConfigurationDelegate[0;39m.registerRepositoriesIn-201 - Finished Spring Data repository scanning in 4 ms. Found 0 JPA repository interfaces. 
2024-04-12 11:10:30.847 [main] [34mINFO [0;39m [32mo.s.d.r.config.RepositoryConfigurationDelegate[0;39m.multipleStoresDetected-262 - Multiple Spring Data modules found, entering strict repository configuration mode 
2024-04-12 11:10:30.851 [main] [34mINFO [0;39m [32mo.s.d.r.config.RepositoryConfigurationDelegate[0;39m.registerRepositoriesIn-132 - Bootstrapping Spring Data Neo4j repositories in DEFAULT mode. 
2024-04-12 11:10:30.856 [main] [34mINFO [0;39m [32mo.s.d.r.config.RepositoryConfigurationDelegate[0;39m.registerRepositoriesIn-201 - Finished Spring Data repository scanning in 3 ms. Found 0 Neo4j repository interfaces. 
2024-04-12 11:10:30.869 [main] [34mINFO [0;39m [32mo.s.d.r.config.RepositoryConfigurationDelegate[0;39m.multipleStoresDetected-262 - Multiple Spring Data modules found, entering strict repository configuration mode 
2024-04-12 11:10:30.870 [main] [34mINFO [0;39m [32mo.s.d.r.config.RepositoryConfigurationDelegate[0;39m.registerRepositoriesIn-132 - Bootstrapping Spring Data Neo4j repositories in DEFAULT mode. 
2024-04-12 11:10:30.873 [main] [34mINFO [0;39m [32mo.s.d.r.config.RepositoryConfigurationDelegate[0;39m.registerRepositoriesIn-201 - Finished Spring Data repository scanning in 2 ms. Found 0 Neo4j repository interfaces. 
2024-04-12 11:10:30.901 [main] [34mINFO [0;39m [32mo.s.d.r.config.RepositoryConfigurationDelegate[0;39m.multipleStoresDetected-262 - Multiple Spring Data modules found, entering strict repository configuration mode 
2024-04-12 11:10:30.903 [main] [34mINFO [0;39m [32mo.s.d.r.config.RepositoryConfigurationDelegate[0;39m.registerRepositoriesIn-132 - Bootstrapping Spring Data Redis repositories in DEFAULT mode. 
2024-04-12 11:10:30.914 [main] [34mINFO [0;39m [32mo.s.d.r.config.RepositoryConfigurationDelegate[0;39m.registerRepositoriesIn-201 - Finished Spring Data repository scanning in 1 ms. Found 0 Redis repository interfaces. 
2024-04-12 11:10:31.202 [main] [31mWARN [0;39m [32morg.mybatis.spring.mapper.ClassPathMapperScanner[0;39m.warn-44 - No MyBatis mapper was found in '[com.sgh.demo.canal]' package. Please check your configuration. 
2024-04-12 11:10:31.305 [main] [34mINFO [0;39m [32mo.springframework.cloud.context.scope.GenericScope[0;39m.setSerializationId-283 - BeanFactory id=60b65708-ec27-3f99-9310-371e2f96c125 
2024-04-12 11:10:31.908 [main] [34mINFO [0;39m [32mc.a.d.s.b.a.DruidDataSourceAutoConfigure[0;39m.dataSource-55 - Init DruidDataSource 
2024-04-12 11:10:32.372 [main] [34mINFO [0;39m [32mcom.alibaba.druid.pool.DruidDataSource[0;39m.init-996 - {dataSource-1} inited 
2024-04-12 11:10:33.127 [main] [34mINFO [0;39m [32morg.hibernate.jpa.internal.util.LogHelper[0;39m.logPersistenceUnitInformation-31 - HHH000204: Processing PersistenceUnitInfo [name: default] 
2024-04-12 11:10:33.211 [main] [34mINFO [0;39m [32morg.hibernate.Version[0;39m.logVersion-44 - HHH000412: Hibernate ORM core version 5.6.14.Final 
2024-04-12 11:10:33.489 [main] [34mINFO [0;39m [32morg.hibernate.annotations.common.Version[0;39m.<clinit>-56 - HCANN000001: Hibernate Commons Annotations {5.1.2.Final} 
2024-04-12 11:10:33.700 [main] [34mINFO [0;39m [32morg.hibernate.dialect.Dialect[0;39m.<init>-175 - HHH000400: Using dialect: org.hibernate.dialect.MySQL8Dialect 
2024-04-12 11:10:33.971 [main] [34mINFO [0;39m [32mo.h.e.t.jta.platform.internal.JtaPlatformInitiator[0;39m.initiateService-52 - HHH000490: Using JtaPlatform implementation: [org.hibernate.engine.transaction.jta.platform.internal.NoJtaPlatform] 
2024-04-12 11:10:33.982 [main] [34mINFO [0;39m [32mo.s.orm.jpa.LocalContainerEntityManagerFactoryBean[0;39m.buildNativeEntityManagerFactory-437 - Initialized JPA EntityManagerFactory for persistence unit 'default' 
2024-04-12 11:10:36.041 [main] [31mWARN [0;39m [32mo.s.b.a.t.ThymeleafAutoConfiguration$DefaultTemplateResolverConfiguration[0;39m.checkTemplateLocationExists-103 - Cannot find template location: classpath:/templates/ (please add some templates, check your Thymeleaf configuration, or set spring.thymeleaf.check-template-location=false) 
2024-04-12 11:10:38.393 [main] [34mINFO [0;39m [32morg.neo4j.driver.internal.DriverFactory[0;39m.info-63 - Direct driver instance 272243411 created for server address localhost:7687 
2024-04-12 11:10:38.956 [main] [34mINFO [0;39m [32morg.quartz.impl.StdSchedulerFactory[0;39m.instantiate-1220 - Using default implementation for ThreadExecutor 
2024-04-12 11:10:38.975 [main] [34mINFO [0;39m [32morg.quartz.core.SchedulerSignalerImpl[0;39m.<init>-61 - Initialized Scheduler Signaller of type: class org.quartz.core.SchedulerSignalerImpl 
2024-04-12 11:10:38.975 [main] [34mINFO [0;39m [32morg.quartz.core.QuartzScheduler[0;39m.<init>-229 - Quartz Scheduler v.2.3.2 created. 
2024-04-12 11:10:38.977 [main] [34mINFO [0;39m [32morg.quartz.simpl.RAMJobStore[0;39m.initialize-155 - RAMJobStore initialized. 
2024-04-12 11:10:38.978 [main] [34mINFO [0;39m [32morg.quartz.core.QuartzScheduler[0;39m.initialize-294 - Scheduler meta-data: Quartz Scheduler (v2.3.2) 'quartzScheduler' with instanceId 'NON_CLUSTERED'
  Scheduler class: 'org.quartz.core.QuartzScheduler' - running locally.
  NOT STARTED.
  Currently in standby mode.
  Number of jobs executed: 0
  Using thread pool 'org.quartz.simpl.SimpleThreadPool' - with 10 threads.
  Using job-store 'org.quartz.simpl.RAMJobStore' - which does not support persistence. and is not clustered.
 
2024-04-12 11:10:38.978 [main] [34mINFO [0;39m [32morg.quartz.impl.StdSchedulerFactory[0;39m.instantiate-1374 - Quartz scheduler 'quartzScheduler' initialized from an externally provided properties instance. 
2024-04-12 11:10:38.978 [main] [34mINFO [0;39m [32morg.quartz.impl.StdSchedulerFactory[0;39m.instantiate-1378 - Quartz scheduler version: 2.3.2 
2024-04-12 11:10:38.979 [main] [34mINFO [0;39m [32morg.quartz.core.QuartzScheduler[0;39m.setJobFactory-2293 - JobFactory set to: org.springframework.scheduling.quartz.SpringBeanJobFactory@2926144f 
2024-04-12 11:10:39.469 [main] [34mINFO [0;39m [32mo.s.scheduling.quartz.SchedulerFactoryBean[0;39m.startScheduler-729 - Starting Quartz Scheduler now 
2024-04-12 11:10:39.471 [main] [34mINFO [0;39m [32morg.quartz.core.QuartzScheduler[0;39m.start-547 - Scheduler quartzScheduler_$_NON_CLUSTERED started. 
2024-04-12 11:10:39.495 [main] [34mINFO [0;39m [32mcom.sgh.demo.canal.DemoCanalApplicationTests[0;39m.logStarted-61 - Started DemoCanalApplicationTests in 11.19 seconds (JVM running for 13.028) 
2024-04-12 11:10:39.784 [SpringApplicationShutdownHook] [34mINFO [0;39m [32morg.quartz.core.QuartzScheduler[0;39m.standby-585 - Scheduler quartzScheduler_$_NON_CLUSTERED paused. 
2024-04-12 11:10:39.789 [SpringApplicationShutdownHook] [34mINFO [0;39m [32mo.s.scheduling.quartz.SchedulerFactoryBean[0;39m.destroy-847 - Shutting down Quartz Scheduler 
2024-04-12 11:10:39.790 [SpringApplicationShutdownHook] [34mINFO [0;39m [32morg.quartz.core.QuartzScheduler[0;39m.shutdown-666 - Scheduler quartzScheduler_$_NON_CLUSTERED shutting down. 
2024-04-12 11:10:39.790 [SpringApplicationShutdownHook] [34mINFO [0;39m [32morg.quartz.core.QuartzScheduler[0;39m.standby-585 - Scheduler quartzScheduler_$_NON_CLUSTERED paused. 
2024-04-12 11:10:39.791 [SpringApplicationShutdownHook] [34mINFO [0;39m [32morg.quartz.core.QuartzScheduler[0;39m.shutdown-740 - Scheduler quartzScheduler_$_NON_CLUSTERED shutdown complete. 
2024-04-12 11:10:39.794 [SpringApplicationShutdownHook] [34mINFO [0;39m [32morg.neo4j.driver.internal.InternalDriver[0;39m.info-63 - Closing driver instance 272243411 
2024-04-12 11:10:40.118 [SpringApplicationShutdownHook] [34mINFO [0;39m [32mo.s.orm.jpa.LocalContainerEntityManagerFactoryBean[0;39m.destroy-651 - Closing JPA EntityManagerFactory for persistence unit 'default' 
2024-04-12 11:10:40.127 [SpringApplicationShutdownHook] [34mINFO [0;39m [32mcom.alibaba.druid.pool.DruidDataSource[0;39m.close-2138 - {dataSource-1} closing ... 
2024-04-12 11:10:40.155 [SpringApplicationShutdownHook] [34mINFO [0;39m [32mcom.alibaba.druid.pool.DruidDataSource[0;39m.close-2211 - {dataSource-1} closed 
2024-04-12 11:12:11.526 [main] [31mWARN [0;39m [32mo.s.b.t.j.DuplicateJsonObjectContextCustomizerFactory$DuplicateJsonObjectContextCustomizer[0;39m.logDuplicateJsonObjectsWarning-78 - 

Found multiple occurrences of org.json.JSONObject on the class path:

	jar:file:/Users/collin/packages/apache-maven-3.6.3/repository/com/vaadin/external/google/android-json/0.0.20131108.vaadin1/android-json-0.0.20131108.vaadin1.jar!/org/json/JSONObject.class
	jar:file:/Users/collin/packages/apache-maven-3.6.3/repository/org/json/json/20160212/json-20160212.jar!/org/json/JSONObject.class

You may wish to exclude one of them to ensure predictable runtime behavior
 
2024-04-12 11:12:11.615 [main] [34mINFO [0;39m [32mcom.sgh.demo.canal.DemoCanalApplicationTests[0;39m.logStarting-55 - Starting DemoCanalApplicationTests using Java 1.8.0_301 on Collins-Macbook-Pro.local with PID 92869 (started by collin in /Users/collin/files/Learning/Java/practice-based-learning/java-basics/demo-canal) 
2024-04-12 11:12:11.620 [main] [34mINFO [0;39m [32mcom.sgh.demo.canal.DemoCanalApplicationTests[0;39m.logStartupProfileInfo-637 - The following 1 profile is active: "dev" 
2024-04-12 11:12:13.262 [main] [34mINFO [0;39m [32mo.s.d.r.config.RepositoryConfigurationDelegate[0;39m.multipleStoresDetected-262 - Multiple Spring Data modules found, entering strict repository configuration mode 
2024-04-12 11:12:13.266 [main] [34mINFO [0;39m [32mo.s.d.r.config.RepositoryConfigurationDelegate[0;39m.registerRepositoriesIn-132 - Bootstrapping Spring Data Elasticsearch repositories in DEFAULT mode. 
2024-04-12 11:12:13.281 [main] [34mINFO [0;39m [32mo.s.d.r.config.RepositoryConfigurationDelegate[0;39m.registerRepositoriesIn-201 - Finished Spring Data repository scanning in 10 ms. Found 0 Elasticsearch repository interfaces. 
2024-04-12 11:12:13.288 [main] [34mINFO [0;39m [32mo.s.d.r.config.RepositoryConfigurationDelegate[0;39m.multipleStoresDetected-262 - Multiple Spring Data modules found, entering strict repository configuration mode 
2024-04-12 11:12:13.288 [main] [34mINFO [0;39m [32mo.s.d.r.config.RepositoryConfigurationDelegate[0;39m.registerRepositoriesIn-132 - Bootstrapping Spring Data Reactive Elasticsearch repositories in DEFAULT mode. 
2024-04-12 11:12:13.294 [main] [34mINFO [0;39m [32mo.s.d.r.config.RepositoryConfigurationDelegate[0;39m.registerRepositoriesIn-201 - Finished Spring Data repository scanning in 4 ms. Found 0 Reactive Elasticsearch repository interfaces. 
2024-04-12 11:12:13.311 [main] [34mINFO [0;39m [32mo.s.d.r.config.RepositoryConfigurationDelegate[0;39m.multipleStoresDetected-262 - Multiple Spring Data modules found, entering strict repository configuration mode 
2024-04-12 11:12:13.312 [main] [34mINFO [0;39m [32mo.s.d.r.config.RepositoryConfigurationDelegate[0;39m.registerRepositoriesIn-132 - Bootstrapping Spring Data JPA repositories in DEFAULT mode. 
2024-04-12 11:12:13.318 [main] [34mINFO [0;39m [32mo.s.d.r.config.RepositoryConfigurationDelegate[0;39m.registerRepositoriesIn-201 - Finished Spring Data repository scanning in 3 ms. Found 0 JPA repository interfaces. 
2024-04-12 11:12:13.361 [main] [34mINFO [0;39m [32mo.s.d.r.config.RepositoryConfigurationDelegate[0;39m.multipleStoresDetected-262 - Multiple Spring Data modules found, entering strict repository configuration mode 
2024-04-12 11:12:13.365 [main] [34mINFO [0;39m [32mo.s.d.r.config.RepositoryConfigurationDelegate[0;39m.registerRepositoriesIn-132 - Bootstrapping Spring Data Neo4j repositories in DEFAULT mode. 
2024-04-12 11:12:13.369 [main] [34mINFO [0;39m [32mo.s.d.r.config.RepositoryConfigurationDelegate[0;39m.registerRepositoriesIn-201 - Finished Spring Data repository scanning in 2 ms. Found 0 Neo4j repository interfaces. 
2024-04-12 11:12:13.377 [main] [34mINFO [0;39m [32mo.s.d.r.config.RepositoryConfigurationDelegate[0;39m.multipleStoresDetected-262 - Multiple Spring Data modules found, entering strict repository configuration mode 
2024-04-12 11:12:13.378 [main] [34mINFO [0;39m [32mo.s.d.r.config.RepositoryConfigurationDelegate[0;39m.registerRepositoriesIn-132 - Bootstrapping Spring Data Neo4j repositories in DEFAULT mode. 
2024-04-12 11:12:13.381 [main] [34mINFO [0;39m [32mo.s.d.r.config.RepositoryConfigurationDelegate[0;39m.registerRepositoriesIn-201 - Finished Spring Data repository scanning in 2 ms. Found 0 Neo4j repository interfaces. 
2024-04-12 11:12:13.418 [main] [34mINFO [0;39m [32mo.s.d.r.config.RepositoryConfigurationDelegate[0;39m.multipleStoresDetected-262 - Multiple Spring Data modules found, entering strict repository configuration mode 
2024-04-12 11:12:13.421 [main] [34mINFO [0;39m [32mo.s.d.r.config.RepositoryConfigurationDelegate[0;39m.registerRepositoriesIn-132 - Bootstrapping Spring Data Redis repositories in DEFAULT mode. 
2024-04-12 11:12:13.430 [main] [34mINFO [0;39m [32mo.s.d.r.config.RepositoryConfigurationDelegate[0;39m.registerRepositoriesIn-201 - Finished Spring Data repository scanning in 2 ms. Found 0 Redis repository interfaces. 
2024-04-12 11:12:13.817 [main] [31mWARN [0;39m [32morg.mybatis.spring.mapper.ClassPathMapperScanner[0;39m.warn-44 - No MyBatis mapper was found in '[com.sgh.demo.canal]' package. Please check your configuration. 
2024-04-12 11:12:13.930 [main] [34mINFO [0;39m [32mo.springframework.cloud.context.scope.GenericScope[0;39m.setSerializationId-283 - BeanFactory id=60b65708-ec27-3f99-9310-371e2f96c125 
2024-04-12 11:12:14.510 [main] [34mINFO [0;39m [32mc.a.d.s.b.a.DruidDataSourceAutoConfigure[0;39m.dataSource-55 - Init DruidDataSource 
2024-04-12 11:12:14.908 [main] [34mINFO [0;39m [32mcom.alibaba.druid.pool.DruidDataSource[0;39m.init-996 - {dataSource-1} inited 
2024-04-12 11:12:15.581 [main] [34mINFO [0;39m [32morg.hibernate.jpa.internal.util.LogHelper[0;39m.logPersistenceUnitInformation-31 - HHH000204: Processing PersistenceUnitInfo [name: default] 
2024-04-12 11:12:15.655 [main] [34mINFO [0;39m [32morg.hibernate.Version[0;39m.logVersion-44 - HHH000412: Hibernate ORM core version 5.6.14.Final 
2024-04-12 11:12:15.846 [main] [34mINFO [0;39m [32morg.hibernate.annotations.common.Version[0;39m.<clinit>-56 - HCANN000001: Hibernate Commons Annotations {5.1.2.Final} 
2024-04-12 11:12:16.003 [main] [34mINFO [0;39m [32morg.hibernate.dialect.Dialect[0;39m.<init>-175 - HHH000400: Using dialect: org.hibernate.dialect.MySQL8Dialect 
2024-04-12 11:12:16.243 [main] [34mINFO [0;39m [32mo.h.e.t.jta.platform.internal.JtaPlatformInitiator[0;39m.initiateService-52 - HHH000490: Using JtaPlatform implementation: [org.hibernate.engine.transaction.jta.platform.internal.NoJtaPlatform] 
2024-04-12 11:12:16.251 [main] [34mINFO [0;39m [32mo.s.orm.jpa.LocalContainerEntityManagerFactoryBean[0;39m.buildNativeEntityManagerFactory-437 - Initialized JPA EntityManagerFactory for persistence unit 'default' 
2024-04-12 11:12:18.132 [main] [31mWARN [0;39m [32mo.s.b.a.t.ThymeleafAutoConfiguration$DefaultTemplateResolverConfiguration[0;39m.checkTemplateLocationExists-103 - Cannot find template location: classpath:/templates/ (please add some templates, check your Thymeleaf configuration, or set spring.thymeleaf.check-template-location=false) 
2024-04-12 11:12:20.362 [main] [34mINFO [0;39m [32morg.neo4j.driver.internal.DriverFactory[0;39m.info-63 - Direct driver instance 617662116 created for server address localhost:7687 
2024-04-12 11:12:20.856 [main] [34mINFO [0;39m [32morg.quartz.impl.StdSchedulerFactory[0;39m.instantiate-1220 - Using default implementation for ThreadExecutor 
2024-04-12 11:12:20.869 [main] [34mINFO [0;39m [32morg.quartz.core.SchedulerSignalerImpl[0;39m.<init>-61 - Initialized Scheduler Signaller of type: class org.quartz.core.SchedulerSignalerImpl 
2024-04-12 11:12:20.869 [main] [34mINFO [0;39m [32morg.quartz.core.QuartzScheduler[0;39m.<init>-229 - Quartz Scheduler v.2.3.2 created. 
2024-04-12 11:12:20.870 [main] [34mINFO [0;39m [32morg.quartz.simpl.RAMJobStore[0;39m.initialize-155 - RAMJobStore initialized. 
2024-04-12 11:12:20.871 [main] [34mINFO [0;39m [32morg.quartz.core.QuartzScheduler[0;39m.initialize-294 - Scheduler meta-data: Quartz Scheduler (v2.3.2) 'quartzScheduler' with instanceId 'NON_CLUSTERED'
  Scheduler class: 'org.quartz.core.QuartzScheduler' - running locally.
  NOT STARTED.
  Currently in standby mode.
  Number of jobs executed: 0
  Using thread pool 'org.quartz.simpl.SimpleThreadPool' - with 10 threads.
  Using job-store 'org.quartz.simpl.RAMJobStore' - which does not support persistence. and is not clustered.
 
2024-04-12 11:12:20.871 [main] [34mINFO [0;39m [32morg.quartz.impl.StdSchedulerFactory[0;39m.instantiate-1374 - Quartz scheduler 'quartzScheduler' initialized from an externally provided properties instance. 
2024-04-12 11:12:20.871 [main] [34mINFO [0;39m [32morg.quartz.impl.StdSchedulerFactory[0;39m.instantiate-1378 - Quartz scheduler version: 2.3.2 
2024-04-12 11:12:20.871 [main] [34mINFO [0;39m [32morg.quartz.core.QuartzScheduler[0;39m.setJobFactory-2293 - JobFactory set to: org.springframework.scheduling.quartz.SpringBeanJobFactory@3ec211cc 
2024-04-12 11:12:21.257 [main] [34mINFO [0;39m [32mo.s.scheduling.quartz.SchedulerFactoryBean[0;39m.startScheduler-729 - Starting Quartz Scheduler now 
2024-04-12 11:12:21.258 [main] [34mINFO [0;39m [32morg.quartz.core.QuartzScheduler[0;39m.start-547 - Scheduler quartzScheduler_$_NON_CLUSTERED started. 
2024-04-12 11:12:21.314 [main] [34mINFO [0;39m [32mcom.sgh.demo.canal.DemoCanalApplicationTests[0;39m.logStarted-61 - Started DemoCanalApplicationTests in 10.448 seconds (JVM running for 12.28) 
2024-04-12 11:12:21.531 [SpringApplicationShutdownHook] [34mINFO [0;39m [32morg.quartz.core.QuartzScheduler[0;39m.standby-585 - Scheduler quartzScheduler_$_NON_CLUSTERED paused. 
2024-04-12 11:12:21.536 [SpringApplicationShutdownHook] [34mINFO [0;39m [32mo.s.scheduling.quartz.SchedulerFactoryBean[0;39m.destroy-847 - Shutting down Quartz Scheduler 
2024-04-12 11:12:21.537 [SpringApplicationShutdownHook] [34mINFO [0;39m [32morg.quartz.core.QuartzScheduler[0;39m.shutdown-666 - Scheduler quartzScheduler_$_NON_CLUSTERED shutting down. 
2024-04-12 11:12:21.537 [SpringApplicationShutdownHook] [34mINFO [0;39m [32morg.quartz.core.QuartzScheduler[0;39m.standby-585 - Scheduler quartzScheduler_$_NON_CLUSTERED paused. 
2024-04-12 11:12:21.539 [SpringApplicationShutdownHook] [34mINFO [0;39m [32morg.quartz.core.QuartzScheduler[0;39m.shutdown-740 - Scheduler quartzScheduler_$_NON_CLUSTERED shutdown complete. 
2024-04-12 11:12:21.541 [SpringApplicationShutdownHook] [34mINFO [0;39m [32morg.neo4j.driver.internal.InternalDriver[0;39m.info-63 - Closing driver instance 617662116 
2024-04-12 11:12:21.843 [SpringApplicationShutdownHook] [34mINFO [0;39m [32mo.s.orm.jpa.LocalContainerEntityManagerFactoryBean[0;39m.destroy-651 - Closing JPA EntityManagerFactory for persistence unit 'default' 
2024-04-12 11:12:21.853 [SpringApplicationShutdownHook] [34mINFO [0;39m [32mcom.alibaba.druid.pool.DruidDataSource[0;39m.close-2138 - {dataSource-1} closing ... 
2024-04-12 11:12:21.883 [SpringApplicationShutdownHook] [34mINFO [0;39m [32mcom.alibaba.druid.pool.DruidDataSource[0;39m.close-2211 - {dataSource-1} closed 
